<?xml version="1.0" encoding="UTF-8"?>
<!-- Generated by org.testng.reporters.JUnitXMLReporter -->
<testsuite ignored="0" hostname="DESKTOP-FL08T9O" failures="0" tests="5" name="Default test" time="0.084" errors="0" timestamp="2023-09-12T14:59:44 IST">
  <testcase classname="Testng_pack.TestNGClass2" name="chi" time="0.011"/>
  <testcase classname="Testng_pack.TestNGClass2" name="ja" time="0.002"/>
  <testcase classname="Testng_pack.TestNGClass2" name="pak" time="0.002"/>
  <testcase classname="Testng_pack.TestNGClass2" name="uk" time="0.001"/>
  <testcase classname="Testng_pack.TestNGClass2" name="usa" time="0.002"/>
</testsuite> <!-- Default test -->
