<?xml version="1.0" encoding="UTF-8"?>
<!-- Generated by org.testng.reporters.JUnitXMLReporter -->
<testsuite ignored="0" hostname="DESKTOP-FL08T9O" failures="0" tests="9" name="Test" time="0.101" errors="0" timestamp="2023-09-12T15:00:18 IST">
  <testcase classname="Testng_pack.TestNGClass2" name="chi" time="0.013"/>
  <testcase classname="Testng_pack.TestNGClass2" name="ja" time="0.002"/>
  <testcase classname="Testng_pack.TestNGClass2" name="pak" time="0.002"/>
  <testcase classname="Testng_pack.TestNGClass2" name="uk" time="0.002"/>
  <testcase classname="Testng_pack.TestNGClass2" name="usa" time="0.001"/>
  <testcase classname="Testng_pack.TestNGClass1" name="aus" time="0.001"/>
  <testcase classname="Testng_pack.TestNGClass1" name="ind" time="0.002"/>
  <testcase classname="Testng_pack.TestNGClass1" name="ire" time="0.002"/>
  <testcase classname="Testng_pack.TestNGClass1" name="scot" time="0.001"/>
</testsuite> <!-- Test -->
