<?xml version="1.0" encoding="UTF-8"?>
<testng-results ignored="0" total="9" passed="9" failed="0" skipped="0">
  <reporter-output>
  </reporter-output>
  <suite started-at="2023-09-12T15:00:18 IST" name="Suite" finished-at="2023-09-12T15:00:18 IST" duration-ms="101">
    <groups>
    </groups>
    <test started-at="2023-09-12T15:00:18 IST" name="Test" finished-at="2023-09-12T15:00:18 IST" duration-ms="101">
      <class name="Testng_pack.TestNGClass2">
        <test-method signature="chi()[pri:0, instance:Testng_pack.TestNGClass2@7cc0cdad]" started-at="2023-09-12T15:00:18 IST" name="chi" finished-at="2023-09-12T15:00:18 IST" duration-ms="13" status="PASS">
          <reporter-output>
          </reporter-output>
        </test-method> <!-- chi -->
        <test-method signature="ja()[pri:0, instance:Testng_pack.TestNGClass2@7cc0cdad]" started-at="2023-09-12T15:00:18 IST" name="ja" finished-at="2023-09-12T15:00:18 IST" duration-ms="2" status="PASS">
          <reporter-output>
          </reporter-output>
        </test-method> <!-- ja -->
        <test-method signature="pak()[pri:0, instance:Testng_pack.TestNGClass2@7cc0cdad]" started-at="2023-09-12T15:00:18 IST" name="pak" finished-at="2023-09-12T15:00:18 IST" duration-ms="2" status="PASS">
          <reporter-output>
          </reporter-output>
        </test-method> <!-- pak -->
        <test-method signature="uk()[pri:0, instance:Testng_pack.TestNGClass2@7cc0cdad]" started-at="2023-09-12T15:00:18 IST" name="uk" finished-at="2023-09-12T15:00:18 IST" duration-ms="2" status="PASS">
          <reporter-output>
          </reporter-output>
        </test-method> <!-- uk -->
        <test-method signature="usa()[pri:0, instance:Testng_pack.TestNGClass2@7cc0cdad]" started-at="2023-09-12T15:00:18 IST" name="usa" finished-at="2023-09-12T15:00:18 IST" duration-ms="1" status="PASS">
          <reporter-output>
          </reporter-output>
        </test-method> <!-- usa -->
      </class> <!-- Testng_pack.TestNGClass2 -->
      <class name="Testng_pack.TestNGClass1">
        <test-method signature="aus()[pri:0, instance:Testng_pack.TestNGClass1@55141def]" started-at="2023-09-12T15:00:18 IST" name="aus" finished-at="2023-09-12T15:00:18 IST" duration-ms="1" status="PASS">
          <reporter-output>
          </reporter-output>
        </test-method> <!-- aus -->
        <test-method signature="ind()[pri:0, instance:Testng_pack.TestNGClass1@55141def]" started-at="2023-09-12T15:00:18 IST" name="ind" finished-at="2023-09-12T15:00:18 IST" duration-ms="2" status="PASS">
          <reporter-output>
          </reporter-output>
        </test-method> <!-- ind -->
        <test-method signature="ire()[pri:0, instance:Testng_pack.TestNGClass1@55141def]" started-at="2023-09-12T15:00:18 IST" name="ire" finished-at="2023-09-12T15:00:18 IST" duration-ms="2" status="PASS">
          <reporter-output>
          </reporter-output>
        </test-method> <!-- ire -->
        <test-method signature="scot()[pri:0, instance:Testng_pack.TestNGClass1@55141def]" started-at="2023-09-12T15:00:18 IST" name="scot" finished-at="2023-09-12T15:00:18 IST" duration-ms="1" status="PASS">
          <reporter-output>
          </reporter-output>
        </test-method> <!-- scot -->
      </class> <!-- Testng_pack.TestNGClass1 -->
    </test> <!-- Test -->
  </suite> <!-- Suite -->
</testng-results>
